2019-01-02 23:39:53,514 - INFO - TICKERS: ['AUDCAD', 'AUDCHF', 'AUDJPY', 'AUDNZD', 'AUDUSD', 'AUS200', 'CADCHF', 'CADJPY', 'CHFJPY', 'EURAUD', 'EURCAD', 'EURCHF', 'EURGBP', 'EURJPY', 'EURMXN', 'EURNOK', 'EURNZD', 'EURSEK', 'EURSGD', 'EURTRY', 'EURUSD', 'FCHI', 'GBPAUD', 'GBPCAD', 'GBPCHF', 'GBPJPY', 'GBPMXN', 'GBPNOK', 'GBPNZD', 'GBPSEK', 'GBPTRY', 'GBPUSD', 'GDAXIm', 'J225', 'NDXm', 'NZDCAD', 'NZDCHF', 'NZDJPY', 'NZDUSD', 'SPN35', 'SPXm', 'STOXX50E', 'UK100', 'USDCAD', 'USDCHF', 'USDHKD', 'USDJPY', 'USDMXN', 'USDNOK', 'USDSEK', 'USDSGD', 'USDTRY', 'WS30', 'WS30m', 'XAGUSD', 'XAUUSD', 'XBNUSD', 'XBTUSD', 'XETUSD', 'XLCUSD', 'XNGUSD', 'XPDUSD', 'XPTUSD', 'XRPUSD', 'XTIUSD']
2019-01-02 23:39:53,515 - INFO - FREQUENCIES: ['5s', '15s', '30s', '1m', '5m', '15m']
2019-01-02 23:39:53,699 - INFO - #### STARTING FOR FREQ: 5s, START: 2017-10-01 21:05:00.001000, DEP: AUDCAD AND INDEP: AUDCHF. ####
2019-01-02 23:39:57,170 - INFO - AUDCAD-coint COINT SERIES WRITTEN TO INFLUX AT 2019-01-02 23:39:57.170055.
2019-01-02 23:39:57,171 - INFO - ADF: (-1.2739925265744867, 0.6409852003817231, 44, 17235, {'1%': -3.4307294763107494, '5%': -2.861707713710339, '10%': -2.566859269682756}, -252958.05733275966)
2019-01-02 23:39:57,171 - INFO - #### STARTING FOR FREQ: 5s, START: 2017-10-02 21:05:00.002000, DEP: AUDCAD AND INDEP: AUDCHF. ####
2019-01-02 23:39:59,937 - INFO - AUDCAD-coint COINT SERIES WRITTEN TO INFLUX AT 2019-01-02 23:39:59.937615.
2019-01-02 23:39:59,938 - INFO - ADF: (-2.6988325688113024, 0.07424050358072014, 38, 17241, {'1%': -3.4307293442304183, '5%': -2.86170765533972, '10%': -2.5668592386129334}, -258788.0279949485)
2019-01-02 23:39:59,938 - INFO - #### STARTING FOR FREQ: 5s, START: 2017-10-03 21:05:00.003000, DEP: AUDCAD AND INDEP: AUDCHF. ####
2019-01-02 23:40:03,571 - INFO - AUDCAD-coint COINT SERIES WRITTEN TO INFLUX AT 2019-01-02 23:40:03.571329.
2019-01-02 23:40:03,571 - INFO - ADF: (-1.6932564809609332, 0.43459024726196993, 30, 17249, {'1%': -3.430729168266267, '5%': -2.8617075775754004, '10%': -2.56685919722013}, -260895.11059433752)
2019-01-02 23:40:03,572 - INFO - #### STARTING FOR FREQ: 5s, START: 2017-10-04 21:05:00.004000, DEP: AUDCAD AND INDEP: AUDCHF. ####
2019-01-02 23:40:07,519 - INFO - AUDCAD-coint COINT SERIES WRITTEN TO INFLUX AT 2019-01-02 23:40:07.519546.
2019-01-02 23:40:07,520 - INFO - ADF: (-0.8306926231361988, 0.8099396981692527, 26, 17253, {'1%': -3.4307290803453947, '5%': -2.861707538720287, '10%': -2.5668591765381246}, -260632.7784545333)
2019-01-02 23:40:07,520 - INFO - #### STARTING FOR FREQ: 5s, START: 2017-10-05 21:05:00.005000, DEP: AUDCAD AND INDEP: AUDCHF. ####
2019-01-02 23:40:10,455 - INFO - AUDCAD-coint COINT SERIES WRITTEN TO INFLUX AT 2019-01-02 23:40:10.455202.
2019-01-02 23:40:10,455 - INFO - ADF: (-1.8579524378492094, 0.35209261510842116, 17, 17262, {'1%': -3.4307288826724336, '5%': -2.8617074513621263, '10%': -2.5668591300386616}, -260475.4367913729)
2019-01-02 23:40:10,455 - INFO - #### STARTING FOR FREQ: 5s, START: 2017-10-06 21:05:00.006000, DEP: AUDCAD AND INDEP: AUDCHF. ####
2019-01-02 23:40:13,866 - INFO - AUDCAD-coint COINT SERIES WRITTEN TO INFLUX AT 2019-01-02 23:40:13.866394.
2019-01-02 23:40:13,867 - INFO - ADF: (-7.074409292429007, 4.84362141991902e-10, 44, 17235, {'1%': -3.4307294763107494, '5%': -2.861707713710339, '10%': -2.566859269682756}, -312553.45116676093)
2019-01-02 23:40:13,867 - INFO - #### STARTING FOR FREQ: 5s, START: 2017-10-07 21:05:00.007000, DEP: AUDCAD AND INDEP: AUDCHF. ####
2019-01-02 23:40:13,912 - ERROR - list index out of range
2019-01-02 23:40:13,913 - INFO - #### STARTING FOR FREQ: 5s, START: 2017-10-08 21:05:00.008000, DEP: AUDCAD AND INDEP: AUDCHF. ####
